<?xml version="1.0" encoding="UTF-8"?>
<!-- Generated by org.testng.reporters.JUnitReportReporter -->
<testsuite skipped="0" hostname="DESKTOP-55A3B8K" name="SeleniumGrid" tests="1" failures="0" timestamp="2023-04-09T12:40:11 IST" time="17.754" errors="0">
  <testcase name="TestCase1" time="17.754" classname="SeleniumGrid"/>
  <system-out/>
</testsuite> <!-- SeleniumGrid -->
