<?xml version="1.0" encoding="UTF-8"?>
<!-- Generated by org.testng.reporters.JUnitReportReporter -->
<testsuite skipped="0" hostname="DESKTOP-55A3B8K" name="TestCase2FireFox" tests="1" failures="0" timestamp="2023-04-09T12:40:11 IST" time="22.490" errors="0">
  <testcase name="TestCase2firefox" time="22.490" classname="TestCase2FireFox"/>
  <system-out/>
</testsuite> <!-- TestCase2FireFox -->
