<?xml version="1.0" encoding="UTF-8"?>
<!-- Generated by org.testng.reporters.JUnitReportReporter -->
<testsuite skipped="0" hostname="DESKTOP-55A3B8K" name="com.pageobjectmodel.testng_framework.Find_all_links_in_webpage" tests="1" failures="0" timestamp="2023-01-11T12:06:55 IST" time="9.980" errors="0">
  <testcase name="open_chrome" time="9.980" classname="com.pageobjectmodel.testng_framework.Find_all_links_in_webpage"/>
  <system-out/>
</testsuite> <!-- com.pageobjectmodel.testng_framework.Find_all_links_in_webpage -->
