<?xml version="1.0" encoding="UTF-8"?>
<!-- Generated by org.testng.reporters.JUnitReportReporter -->
<testsuite skipped="0" hostname="DESKTOP-55A3B8K" name="com.pageobjectmodel.testng_framework.Dropdown_test" tests="1" failures="0" timestamp="2023-01-02T11:27:54 IST" time="17.843" errors="0">
  <testcase name="dropdown" time="17.843" classname="com.pageobjectmodel.testng_framework.Dropdown_test"/>
  <system-out/>
</testsuite> <!-- com.pageobjectmodel.testng_framework.Dropdown_test -->
