<?xml version="1.0" encoding="UTF-8"?>
<!-- Generated by org.testng.reporters.JUnitReportReporter -->
<testsuite skipped="0" hostname="DESKTOP-55A3B8K" name="com.pageobjectmodel.testng_framework.AlertTest" tests="1" failures="0" timestamp="2023-02-16T22:01:13 IST" time="20.866" errors="0">
  <testcase name="alertTest" time="20.866" classname="com.pageobjectmodel.testng_framework.AlertTest"/>
  <system-out/>
</testsuite> <!-- com.pageobjectmodel.testng_framework.AlertTest -->
