<?xml version="1.0" encoding="UTF-8"?>
<!-- Generated by org.testng.reporters.JUnitReportReporter -->
<testsuite skipped="0" hostname="DESKTOP-55A3B8K" name="com.pageobjectmodel.testng_framework.Base" tests="4" failures="0" timestamp="2022-12-10T21:33:52 IST" time="0.037" errors="0">
  <testcase name="sort_by" time="0.004" classname="com.pageobjectmodel.testng_framework.Base"/>
  <system-out/>
  <testcase name="multiply" time="0.013" classname="com.pageobjectmodel.testng_framework.Base"/>
  <system-out/>
  <testcase name="multiply" time="0.013" classname="com.pageobjectmodel.testng_framework.Base"/>
  <system-out/>
  <testcase name="sort_by" time="0.007" classname="com.pageobjectmodel.testng_framework.Base"/>
  <system-out/>
</testsuite> <!-- com.pageobjectmodel.testng_framework.Base -->
