<?xml version="1.0" encoding="UTF-8"?>
<!-- Generated by org.testng.reporters.JUnitReportReporter -->
<testsuite skipped="0" hostname="DESKTOP-55A3B8K" name="com.pageobjectmodel.testng_framework.Testng_dataprovider" tests="2" failures="0" timestamp="2023-01-26T11:38:59 IST" time="0.066" errors="0">
  <testcase name="multiply" time="0.032" classname="com.pageobjectmodel.testng_framework.Testng_dataprovider"/>
  <system-out/>
  <testcase name="multiply" time="0.034" classname="com.pageobjectmodel.testng_framework.Testng_dataprovider"/>
  <system-out/>
</testsuite> <!-- com.pageobjectmodel.testng_framework.Testng_dataprovider -->
