<?xml version="1.0" encoding="UTF-8"?>
<!-- Generated by org.testng.reporters.JUnitReportReporter -->
<testsuite skipped="1" hostname="DESKTOP-55A3B8K" name="com.pageobjectmodel.testng_framework.AlertTest" tests="2" failures="0" timestamp="2023-02-17T12:23:07 IST" time="0.008" errors="0">
  <testcase name="remove_duplicate" time="0.008" classname="com.pageobjectmodel.testng_framework.AlertTest"/>
  <system-out/>
  <testcase name="alertTest" classname="com.pageobjectmodel.testng_framework.AlertTest">
    <skipped/>
  </testcase> <!-- alertTest -->
  <system-out/>
</testsuite> <!-- com.pageobjectmodel.testng_framework.AlertTest -->
