<?xml version="1.0" encoding="UTF-8"?>
<!-- Generated by org.testng.reporters.JUnitReportReporter -->
<testsuite hostname="DESKTOP-55A3B8K" name="ecommerce_automation.ecomm_automation.SubmitOrderTest" tests="2" failures="0" timestamp="12 Feb 2023 06:29:10 GMT" time="35.768" errors="0">
  <testcase name="submitOrder" time="33.255" classname="ecommerce_automation.ecomm_automation.SubmitOrderTest"/>
  <testcase name="OrderHistory" time="2.513" classname="ecommerce_automation.ecomm_automation.SubmitOrderTest"/>
</testsuite> <!-- ecommerce_automation.ecomm_automation.SubmitOrderTest -->
